<?xml version="1.0" encoding="UTF-8"?>
<!-- Generated by org.testng.reporters.JUnitXMLReporter -->
<testsuite ignored="20" hostname="apples-MacBook-Air.local" failures="0" tests="0" time="8.246" errors="0" timestamp="2023-11-20T15:12:08 IST">
  <testcase classname="Functionality.Fuctionality" name="TestCase1" time="0.0">
    <ignored/>
  </testcase> <!-- TestCase1 -->
  <testcase classname="Functionality.Fuctionality" name="TestCase8" time="0.0">
    <ignored/>
  </testcase> <!-- TestCase8 -->
  <testcase classname="Functionality.Fuctionality" name="TestCase17" time="0.0">
    <ignored/>
  </testcase> <!-- TestCase17 -->
  <testcase classname="Functionality.Fuctionality" name="TestCase18" time="0.0">
    <ignored/>
  </testcase> <!-- TestCase18 -->
  <testcase classname="Functionality.Fuctionality" name="TestCase15" time="0.0">
    <ignored/>
  </testcase> <!-- TestCase15 -->
  <testcase classname="Functionality.Fuctionality" name="TestCase19" time="0.0">
    <ignored/>
  </testcase> <!-- TestCase19 -->
  <testcase classname="Functionality.Fuctionality" name="TestCase23" time="0.0">
    <ignored/>
  </testcase> <!-- TestCase23 -->
  <testcase classname="Functionality.Fuctionality" name="TestCase20" time="0.0">
    <ignored/>
  </testcase> <!-- TestCase20 -->
  <testcase classname="Functionality.Fuctionality" name="TestCase3" time="0.0">
    <ignored/>
  </testcase> <!-- TestCase3 -->
  <testcase classname="Functionality.Fuctionality" name="TestCase10" time="0.0">
    <ignored/>
  </testcase> <!-- TestCase10 -->
  <testcase classname="Functionality.Fuctionality" name="TestCase21" time="0.0">
    <ignored/>
  </testcase> <!-- TestCase21 -->
  <testcase classname="Functionality.Fuctionality" name="TestCase2" time="0.0">
    <ignored/>
  </testcase> <!-- TestCase2 -->
  <testcase classname="Functionality.Fuctionality" name="TestCase16" time="0.0">
    <ignored/>
  </testcase> <!-- TestCase16 -->
  <testcase classname="Functionality.Fuctionality" name="TestCase4" time="0.0">
    <ignored/>
  </testcase> <!-- TestCase4 -->
  <testcase classname="Functionality.Fuctionality" name="TestCase24" time="0.0">
    <ignored/>
  </testcase> <!-- TestCase24 -->
  <testcase classname="Functionality.Fuctionality" name="TestCase7" time="0.0">
    <ignored/>
  </testcase> <!-- TestCase7 -->
  <testcase classname="Functionality.Fuctionality" name="TestCase14" time="0.0">
    <ignored/>
  </testcase> <!-- TestCase14 -->
  <testcase classname="Functionality.Fuctionality" name="TestCase25" time="0.0">
    <ignored/>
  </testcase> <!-- TestCase25 -->
  <testcase classname="Functionality.Fuctionality" name="TestCase9" time="0.0">
    <ignored/>
  </testcase> <!-- TestCase9 -->
  <testcase classname="Functionality.Fuctionality" name="TestCase22" time="0.0">
    <ignored/>
  </testcase> <!-- TestCase22 -->
</testsuite>
