<?xml version="1.0" encoding="UTF-8"?>
<!-- Generated by org.testng.reporters.JUnitXMLReporter -->
<testsuite ignored="0" hostname="apples-MacBook-Air.local" failures="0" tests="20" name="Test" time="145.397" errors="0" timestamp="2023-11-20T15:23:22 IST">
  <testcase classname="Functionality.FacilGoFunctionality" name="TestCase1" time="4.546"/>
  <testcase classname="Functionality.FacilGoFunctionality" name="TestCase2" time="14.877"/>
  <testcase classname="Functionality.FacilGoFunctionality" name="TestCase3" time="6.183"/>
  <testcase classname="Functionality.FacilGoFunctionality" name="TestCase4" time="5.398"/>
  <testcase classname="Functionality.FacilGoFunctionality" name="TestCase7" time="3.696"/>
  <testcase classname="Functionality.FacilGoFunctionality" name="TestCase8" time="5.727"/>
  <testcase classname="Functionality.FacilGoFunctionality" name="TestCase9" time="5.855"/>
  <testcase classname="Functionality.FacilGoFunctionality" name="TestCase10" time="5.413"/>
  <testcase classname="Functionality.FacilGoFunctionality" name="TestCase14" time="1.524"/>
  <testcase classname="Functionality.FacilGoFunctionality" name="TestCase15" time="4.076"/>
  <testcase classname="Functionality.FacilGoFunctionality" name="TestCase16" time="16.459"/>
  <testcase classname="Functionality.FacilGoFunctionality" name="TestCase17" time="24.796"/>
  <testcase classname="Functionality.FacilGoFunctionality" name="TestCase18" time="13.64"/>
  <testcase classname="Functionality.FacilGoFunctionality" name="TestCase19" time="2.493"/>
  <testcase classname="Functionality.FacilGoFunctionality" name="TestCase20" time="1.187"/>
  <testcase classname="Functionality.FacilGoFunctionality" name="TestCase21" time="1.784"/>
  <testcase classname="Functionality.FacilGoFunctionality" name="TestCase22" time="1.512"/>
  <testcase classname="Functionality.FacilGoFunctionality" name="TestCase23" time="1.992"/>
  <testcase classname="Functionality.FacilGoFunctionality" name="TestCase24" time="3.479"/>
  <testcase classname="Functionality.FacilGoFunctionality" name="TestCase25" time="5.078"/>
</testsuite> <!-- Test -->
