<?xml version="1.0" encoding="UTF-8"?>
<testng-results ignored="0" total="20" passed="20" failed="0" skipped="0">
  <reporter-output>
  </reporter-output>
  <suite started-at="2023-11-20T15:20:51 IST" name="Suite" finished-at="2023-11-20T15:23:17 IST" duration-ms="145397">
    <groups>
    </groups>
    <test started-at="2023-11-20T15:20:51 IST" name="Test" finished-at="2023-11-20T15:23:17 IST" duration-ms="145397">
      <class name="Functionality.FacilGoFunctionality">
        <test-method is-config="true" signature="setup()[pri:0, instance:Functionality.FacilGoFunctionality@15c43bd9]" started-at="2023-11-20T15:20:51 IST" name="setup" finished-at="2023-11-20T15:21:06 IST" duration-ms="15133" status="PASS">
          <reporter-output>
          </reporter-output>
        </test-method> <!-- setup -->
        <test-method signature="TestCase1()[pri:1, instance:Functionality.FacilGoFunctionality@15c43bd9]" started-at="2023-11-20T15:21:06 IST" name="TestCase1" finished-at="2023-11-20T15:21:11 IST" duration-ms="4546" status="PASS">
          <reporter-output>
          </reporter-output>
        </test-method> <!-- TestCase1 -->
        <test-method signature="TestCase2()[pri:2, instance:Functionality.FacilGoFunctionality@15c43bd9]" started-at="2023-11-20T15:21:11 IST" name="TestCase2" finished-at="2023-11-20T15:21:26 IST" duration-ms="14877" status="PASS">
          <reporter-output>
          </reporter-output>
        </test-method> <!-- TestCase2 -->
        <test-method signature="TestCase3()[pri:3, instance:Functionality.FacilGoFunctionality@15c43bd9]" started-at="2023-11-20T15:21:26 IST" name="TestCase3" finished-at="2023-11-20T15:21:32 IST" duration-ms="6183" status="PASS">
          <reporter-output>
          </reporter-output>
        </test-method> <!-- TestCase3 -->
        <test-method signature="TestCase4()[pri:4, instance:Functionality.FacilGoFunctionality@15c43bd9]" started-at="2023-11-20T15:21:32 IST" name="TestCase4" finished-at="2023-11-20T15:21:37 IST" duration-ms="5398" status="PASS">
          <reporter-output>
          </reporter-output>
        </test-method> <!-- TestCase4 -->
        <test-method signature="TestCase7()[pri:7, instance:Functionality.FacilGoFunctionality@15c43bd9]" started-at="2023-11-20T15:21:37 IST" name="TestCase7" finished-at="2023-11-20T15:21:41 IST" duration-ms="3696" status="PASS">
          <reporter-output>
          </reporter-output>
        </test-method> <!-- TestCase7 -->
        <test-method signature="TestCase8()[pri:8, instance:Functionality.FacilGoFunctionality@15c43bd9]" started-at="2023-11-20T15:21:41 IST" name="TestCase8" finished-at="2023-11-20T15:21:47 IST" duration-ms="5727" status="PASS">
          <reporter-output>
          </reporter-output>
        </test-method> <!-- TestCase8 -->
        <test-method signature="TestCase9()[pri:9, instance:Functionality.FacilGoFunctionality@15c43bd9]" started-at="2023-11-20T15:21:47 IST" name="TestCase9" finished-at="2023-11-20T15:21:53 IST" duration-ms="5855" status="PASS">
          <reporter-output>
          </reporter-output>
        </test-method> <!-- TestCase9 -->
        <test-method signature="TestCase10()[pri:10, instance:Functionality.FacilGoFunctionality@15c43bd9]" started-at="2023-11-20T15:21:53 IST" name="TestCase10" finished-at="2023-11-20T15:21:58 IST" duration-ms="5413" status="PASS">
          <reporter-output>
          </reporter-output>
        </test-method> <!-- TestCase10 -->
        <test-method signature="TestCase14()[pri:14, instance:Functionality.FacilGoFunctionality@15c43bd9]" started-at="2023-11-20T15:21:58 IST" name="TestCase14" finished-at="2023-11-20T15:22:00 IST" duration-ms="1524" status="PASS">
          <reporter-output>
          </reporter-output>
        </test-method> <!-- TestCase14 -->
        <test-method signature="TestCase15()[pri:15, instance:Functionality.FacilGoFunctionality@15c43bd9]" started-at="2023-11-20T15:22:00 IST" name="TestCase15" finished-at="2023-11-20T15:22:04 IST" duration-ms="4076" status="PASS">
          <reporter-output>
          </reporter-output>
        </test-method> <!-- TestCase15 -->
        <test-method signature="TestCase16()[pri:16, instance:Functionality.FacilGoFunctionality@15c43bd9]" started-at="2023-11-20T15:22:04 IST" name="TestCase16" finished-at="2023-11-20T15:22:20 IST" duration-ms="16459" status="PASS">
          <reporter-output>
          </reporter-output>
        </test-method> <!-- TestCase16 -->
        <test-method signature="TestCase17()[pri:17, instance:Functionality.FacilGoFunctionality@15c43bd9]" started-at="2023-11-20T15:22:20 IST" name="TestCase17" finished-at="2023-11-20T15:22:45 IST" duration-ms="24796" status="PASS">
          <reporter-output>
          </reporter-output>
        </test-method> <!-- TestCase17 -->
        <test-method signature="TestCase18()[pri:18, instance:Functionality.FacilGoFunctionality@15c43bd9]" started-at="2023-11-20T15:22:45 IST" name="TestCase18" finished-at="2023-11-20T15:22:59 IST" duration-ms="13640" status="PASS">
          <reporter-output>
          </reporter-output>
        </test-method> <!-- TestCase18 -->
        <test-method signature="TestCase19()[pri:19, instance:Functionality.FacilGoFunctionality@15c43bd9]" started-at="2023-11-20T15:22:59 IST" name="TestCase19" finished-at="2023-11-20T15:23:01 IST" duration-ms="2493" status="PASS">
          <reporter-output>
          </reporter-output>
        </test-method> <!-- TestCase19 -->
        <test-method signature="TestCase20()[pri:20, instance:Functionality.FacilGoFunctionality@15c43bd9]" started-at="2023-11-20T15:23:01 IST" name="TestCase20" finished-at="2023-11-20T15:23:02 IST" duration-ms="1187" status="PASS">
          <reporter-output>
          </reporter-output>
        </test-method> <!-- TestCase20 -->
        <test-method signature="TestCase21()[pri:21, instance:Functionality.FacilGoFunctionality@15c43bd9]" started-at="2023-11-20T15:23:02 IST" name="TestCase21" finished-at="2023-11-20T15:23:04 IST" duration-ms="1784" status="PASS">
          <reporter-output>
          </reporter-output>
        </test-method> <!-- TestCase21 -->
        <test-method signature="TestCase22()[pri:22, instance:Functionality.FacilGoFunctionality@15c43bd9]" started-at="2023-11-20T15:23:04 IST" name="TestCase22" finished-at="2023-11-20T15:23:06 IST" duration-ms="1512" status="PASS">
          <reporter-output>
          </reporter-output>
        </test-method> <!-- TestCase22 -->
        <test-method signature="TestCase23()[pri:23, instance:Functionality.FacilGoFunctionality@15c43bd9]" started-at="2023-11-20T15:23:06 IST" name="TestCase23" finished-at="2023-11-20T15:23:08 IST" duration-ms="1992" status="PASS">
          <reporter-output>
          </reporter-output>
        </test-method> <!-- TestCase23 -->
        <test-method signature="TestCase24()[pri:24, instance:Functionality.FacilGoFunctionality@15c43bd9]" started-at="2023-11-20T15:23:08 IST" name="TestCase24" finished-at="2023-11-20T15:23:11 IST" duration-ms="3479" status="PASS">
          <reporter-output>
          </reporter-output>
        </test-method> <!-- TestCase24 -->
        <test-method signature="TestCase25()[pri:25, instance:Functionality.FacilGoFunctionality@15c43bd9]" started-at="2023-11-20T15:23:11 IST" name="TestCase25" finished-at="2023-11-20T15:23:16 IST" duration-ms="5078" status="PASS">
          <reporter-output>
          </reporter-output>
        </test-method> <!-- TestCase25 -->
        <test-method is-config="true" signature="close()[pri:0, instance:Functionality.FacilGoFunctionality@15c43bd9]" started-at="2023-11-20T15:23:16 IST" name="close" finished-at="2023-11-20T15:23:17 IST" duration-ms="442" status="PASS">
          <reporter-output>
          </reporter-output>
        </test-method> <!-- close -->
      </class> <!-- Functionality.FacilGoFunctionality -->
    </test> <!-- Test -->
  </suite> <!-- Suite -->
</testng-results>
